<?xml version="1.0" encoding="UTF-8"?>
<testsuite xmlns:xsi="http://www.w3.org/2001/XMLSchema-instance" xsi:noNamespaceSchemaLocation="https://maven.apache.org/surefire/maven-surefire-plugin/xsd/surefire-test-report-3.0.xsd" version="3.0" name="com.example.devops.DevopsApplicationTests" time="1.927" tests="1" errors="0" skipped="0" failures="0">
  <properties>
[...]
</properties>
  <testcase name="testGet" classname="com.example.devops.DevopsApplicationTests" time="0.375">
    <system-out><![CDATA[
  .   ____          _            __ _ _
 /\\ / ___'_ __ _ _(_)_ __  __ _ \ \ \ \
( ( )\___ | '_ | '_| | '_ \/ _` | \ \ \ \
 \\/  ___)| |_)| | | | | || (_| |  ) ) ) )
  '  |____| .__|_| |_|_| |_\__, | / / / /
 =========|_|==============|___/=/_/_/_/
 :: Spring Boot ::                (v3.1.4)

2023-12-17T20:06:45.828+01:00  INFO 25112 --- [           main] c.example.devops.DevopsApplicationTests  : Starting DevopsApplicationTests using Java 21.0.1 with PID 25112 (started by remis in /Users/remis/Documents/M2MIAGE/_S9/DEVOPS/docker-homerwork/exo8)
2023-12-17T20:06:45.829+01:00  INFO 25112 --- [           main] c.example.devops.DevopsApplicationTests  : No active profile set, falling back to 1 default profile: "default"
2023-12-17T20:06:46.086+01:00  INFO 25112 --- [           main] .s.d.r.c.RepositoryConfigurationDelegate : Bootstrapping Spring Data JPA repositories in DEFAULT mode.
2023-12-17T20:06:46.108+01:00  INFO 25112 --- [           main] .s.d.r.c.RepositoryConfigurationDelegate : Finished Spring Data repository scanning in 18 ms. Found 1 JPA repository interfaces.
2023-12-17T20:06:46.257+01:00  INFO 25112 --- [           main] com.zaxxer.hikari.HikariDataSource       : HikariPool-1 - Starting...
2023-12-17T20:06:46.351+01:00  INFO 25112 --- [           main] com.zaxxer.hikari.pool.HikariPool        : HikariPool-1 - Added connection conn0: url=jdbc:h2:mem:test user=SA
2023-12-17T20:06:46.351+01:00  INFO 25112 --- [           main] com.zaxxer.hikari.HikariDataSource       : HikariPool-1 - Start completed.
2023-12-17T20:06:46.371+01:00  INFO 25112 --- [           main] o.hibernate.jpa.internal.util.LogHelper  : HHH000204: Processing PersistenceUnitInfo [name: default]
2023-12-17T20:06:46.389+01:00  INFO 25112 --- [           main] org.hibernate.Version                    : HHH000412: Hibernate ORM core version 6.2.9.Final
2023-12-17T20:06:46.390+01:00  INFO 25112 --- [           main] org.hibernate.cfg.Environment            : HHH000406: Using bytecode reflection optimizer
2023-12-17T20:06:46.441+01:00  INFO 25112 --- [           main] o.h.b.i.BytecodeProviderInitiator        : HHH000021: Bytecode provider name : bytebuddy
2023-12-17T20:06:46.497+01:00  INFO 25112 --- [           main] o.s.o.j.p.SpringPersistenceUnitInfo      : No LoadTimeWeaver setup: ignoring JPA class transformer
2023-12-17T20:06:46.611+01:00  INFO 25112 --- [           main] o.h.b.i.BytecodeProviderInitiator        : HHH000021: Bytecode provider name : bytebuddy
2023-12-17T20:06:46.799+01:00  INFO 25112 --- [           main] o.h.e.t.j.p.i.JtaPlatformInitiator       : HHH000490: Using JtaPlatform implementation: [org.hibernate.engine.transaction.jta.platform.internal.NoJtaPlatform]
Hibernate: drop table if exists personnes cascade 
Hibernate: drop sequence if exists personnes_seq
Hibernate: create sequence personnes_seq start with 1 increment by 50
Hibernate: create table personnes (age integer not null, id bigint not null, email varchar(255), firstname varchar(255) not null, lastname varchar(255) not null, primary key (id))
2023-12-17T20:06:46.810+01:00  INFO 25112 --- [           main] j.LocalContainerEntityManagerFactoryBean : Initialized JPA EntityManagerFactory for persistence unit 'default'
2023-12-17T20:06:46.928+01:00  WARN 25112 --- [           main] JpaBaseConfiguration$JpaWebConfiguration : spring.jpa.open-in-view is enabled by default. Therefore, database queries may be performed during view rendering. Explicitly configure spring.jpa.open-in-view to disable this warning
2023-12-17T20:06:47.056+01:00  INFO 25112 --- [           main] o.s.b.t.m.w.SpringBootMockServletContext : Initializing Spring TestDispatcherServlet ''
2023-12-17T20:06:47.056+01:00  INFO 25112 --- [           main] o.s.t.web.servlet.TestDispatcherServlet  : Initializing Servlet ''
2023-12-17T20:06:47.057+01:00  INFO 25112 --- [           main] o.s.t.web.servlet.TestDispatcherServlet  : Completed initialization in 0 ms
2023-12-17T20:06:47.065+01:00  INFO 25112 --- [           main] c.example.devops.DevopsApplicationTests  : Started DevopsApplicationTests in 1.349 seconds (process running for 1.813)
Hibernate: select next value for personnes_seq
Hibernate: insert into personnes (age,email,firstname,lastname,id) values (?,?,?,?,?)
Hibernate: select p1_0.id,p1_0.age,p1_0.email,p1_0.firstname,p1_0.lastname from personnes p1_0
]]></system-out>
    <system-err><![CDATA[WARNING: A Java agent has been loaded dynamically (/Users/remis/.m2/repository/net/bytebuddy/byte-buddy-agent/1.14.8/byte-buddy-agent-1.14.8.jar)
WARNING: If a serviceability tool is in use, please run with -XX:+EnableDynamicAgentLoading to hide this warning
WARNING: If a serviceability tool is not in use, please run with -Djdk.instrument.traceUsage for more information
WARNING: Dynamic loading of agents will be disallowed by default in a future release
]]></system-err>
  </testcase>
</testsuite>